android/app/build/intermediates/manifest_merge_blame_file/debug/manifest-merger-blame-debug-report.txt
1<?xml version="1.0" encoding="utf-8"?>
2<manifest xmlns:android="http://schemas.android.com/apk/res/android"
3    package="io.ionic.starter"
4    android:versionCode="1"
5    android:versionName="1.0" >
6
7    <uses-sdk
8        android:minSdkVersion="21"
8-->src\main\AndroidManifest.xml
9        android:targetSdkVersion="30" />
9-->src\main\AndroidManifest.xml
10
11    <!-- Permissions -->
12
13    <uses-permission android:name="android.permission.INTERNET" />
13-->src\main\AndroidManifest.xml:40:5-67
13-->src\main\AndroidManifest.xml:40:22-64
14
15    <queries>
15-->[:capacitor-camera] AndroidManifest.xml:9:5-13:15
16        <intent>
16-->[:capacitor-camera] AndroidManifest.xml:10:9-12:18
17            <action android:name="android.media.action.IMAGE_CAPTURE" />
17-->[:capacitor-camera] AndroidManifest.xml:11:13-73
17-->[:capacitor-camera] AndroidManifest.xml:11:21-70
18        </intent>
19    </queries>
20
21    <uses-permission android:name="android.permission.VIBRATE" />
21-->[:capacitor-haptics] AndroidManifest.xml:9:5-66
21-->[:capacitor-haptics] AndroidManifest.xml:9:22-63
22    <uses-permission android:name="android.permission.CALL_PHONE" />
22-->[:capacitor-cordova-android-plugins] AndroidManifest.xml:10:5-69
22-->[:capacitor-cordova-android-plugins] AndroidManifest.xml:10:22-66
23
24    <uses-feature
24-->[:capacitor-cordova-android-plugins] AndroidManifest.xml:12:5-14:36
25        android:name="android.hardware.telephony"
25-->[:capacitor-cordova-android-plugins] AndroidManifest.xml:13:9-50
26        android:required="false" />
26-->[:capacitor-cordova-android-plugins] AndroidManifest.xml:14:9-33
27
28    <uses-permission android:name="android.permission.ACCESS_NETWORK_STATE" />
28-->[:capacitor-cordova-android-plugins] AndroidManifest.xml:17:5-79
28-->[:capacitor-cordova-android-plugins] AndroidManifest.xml:17:22-76
29
30    <application
30-->src\main\AndroidManifest.xml:5:5-36:19
31        android:allowBackup="true"
31-->src\main\AndroidManifest.xml:6:9-35
32        android:appComponentFactory="androidx.core.app.CoreComponentFactory"
32-->[androidx.core:core:1.3.2] AndroidManifest.xml:24:18-86
33        android:debuggable="true"
34        android:icon="@mipmap/ic_launcher"
34-->src\main\AndroidManifest.xml:7:9-43
35        android:label="@string/app_name"
35-->src\main\AndroidManifest.xml:8:9-41
36        android:roundIcon="@mipmap/ic_launcher_round"
36-->src\main\AndroidManifest.xml:9:9-54
37        android:supportsRtl="true"
37-->src\main\AndroidManifest.xml:10:9-35
38        android:testOnly="true"
39        android:theme="@style/AppTheme" >
39-->src\main\AndroidManifest.xml:11:9-40
40        <activity
40-->src\main\AndroidManifest.xml:13:9-25:20
41            android:name="io.ionic.starter.MainActivity"
41-->src\main\AndroidManifest.xml:15:13-57
42            android:configChanges="orientation|keyboardHidden|keyboard|screenSize|locale|smallestScreenSize|screenLayout|uiMode"
42-->src\main\AndroidManifest.xml:14:13-129
43            android:label="@string/title_activity_main"
43-->src\main\AndroidManifest.xml:16:13-56
44            android:launchMode="singleTask"
44-->src\main\AndroidManifest.xml:18:13-44
45            android:theme="@style/AppTheme.NoActionBarLaunch" >
45-->src\main\AndroidManifest.xml:17:13-62
46            <intent-filter>
46-->src\main\AndroidManifest.xml:20:13-23:29
47                <action android:name="android.intent.action.MAIN" />
47-->src\main\AndroidManifest.xml:21:17-69
47-->src\main\AndroidManifest.xml:21:25-66
48
49                <category android:name="android.intent.category.LAUNCHER" />
49-->src\main\AndroidManifest.xml:22:17-77
49-->src\main\AndroidManifest.xml:22:27-74
50            </intent-filter>
51        </activity>
52
53        <provider
54            android:name="androidx.core.content.FileProvider"
54-->src\main\AndroidManifest.xml:28:13-62
55            android:authorities="io.ionic.starter.fileprovider"
55-->src\main\AndroidManifest.xml:29:13-64
56            android:exported="false"
56-->src\main\AndroidManifest.xml:30:13-37
57            android:grantUriPermissions="true" >
57-->src\main\AndroidManifest.xml:31:13-47
58            <meta-data
58-->src\main\AndroidManifest.xml:32:13-34:64
59                android:name="android.support.FILE_PROVIDER_PATHS"
59-->src\main\AndroidManifest.xml:33:17-67
60                android:resource="@xml/file_paths" />
60-->src\main\AndroidManifest.xml:34:17-51
61        </provider>
62        <provider
62-->[:capacitor-cordova-android-plugins] AndroidManifest.xml:20:9-28:20
63            android:name="de.appplant.cordova.emailcomposer.Provider"
63-->[:capacitor-cordova-android-plugins] AndroidManifest.xml:21:13-70
64            android:authorities="io.ionic.starter.emailcomposer.provider"
64-->[:capacitor-cordova-android-plugins] AndroidManifest.xml:22:13-74
65            android:exported="false"
65-->[:capacitor-cordova-android-plugins] AndroidManifest.xml:23:13-37
66            android:grantUriPermissions="true" >
66-->[:capacitor-cordova-android-plugins] AndroidManifest.xml:24:13-47
67            <meta-data
67-->src\main\AndroidManifest.xml:32:13-34:64
68                android:name="android.support.FILE_PROVIDER_PATHS"
68-->src\main\AndroidManifest.xml:33:17-67
69                android:resource="@xml/emailcomposer_provider_paths" />
69-->src\main\AndroidManifest.xml:34:17-51
70        </provider>
71
72        <activity
72-->[com.google.android.gms:play-services-base:17.3.0] AndroidManifest.xml:23:9-26:75
73            android:name="com.google.android.gms.common.api.GoogleApiActivity"
73-->[com.google.android.gms:play-services-base:17.3.0] AndroidManifest.xml:24:13-79
74            android:exported="false"
74-->[com.google.android.gms:play-services-base:17.3.0] AndroidManifest.xml:25:13-37
75            android:theme="@android:style/Theme.Translucent.NoTitleBar" />
75-->[com.google.android.gms:play-services-base:17.3.0] AndroidManifest.xml:26:13-72
76
77        <meta-data
77-->[com.google.android.gms:play-services-basement:17.3.0] AndroidManifest.xml:23:9-25:69
78            android:name="com.google.android.gms.version"
78-->[com.google.android.gms:play-services-basement:17.3.0] AndroidManifest.xml:24:13-58
79            android:value="@integer/google_play_services_version" />
79-->[com.google.android.gms:play-services-basement:17.3.0] AndroidManifest.xml:25:13-66
80    </application>
81
82</manifest>